<?xml version="1.0" encoding="UTF-8"?>
<testng-results ignored="0" total="1" passed="1" failed="0" skipped="0">
  <reporter-output>
  </reporter-output>
  <suite started-at="2020-11-26T23:19:12 IST" name="Suite" finished-at="2020-11-26T23:20:07 IST" duration-ms="54424">
    <groups>
    </groups>
    <test started-at="2020-11-26T23:19:12 IST" name="Test" finished-at="2020-11-26T23:20:07 IST" duration-ms="54424">
      <class name="Practice.Appiumframework.Penfedetoe">
        <test-method is-config="true" signature="killserver()[pri:0, instance:Practice.Appiumframework.Penfedetoe@1a4013]" started-at="2020-11-26T23:19:12 IST" name="killserver" finished-at="2020-11-26T23:19:15 IST" duration-ms="3036" status="PASS">
          <reporter-output>
          </reporter-output>
        </test-method> <!-- killserver -->
        <test-method signature="Ecommerce()[pri:0, instance:Practice.Appiumframework.Penfedetoe@1a4013]" started-at="2020-11-26T23:19:15 IST" name="Ecommerce" finished-at="2020-11-26T23:20:04 IST" duration-ms="48338" status="PASS">
          <reporter-output>
          </reporter-output>
        </test-method> <!-- Ecommerce -->
        <test-method is-config="true" signature="killemulator()[pri:0, instance:Practice.Appiumframework.Penfedetoe@1a4013]" started-at="2020-11-26T23:20:04 IST" name="killemulator" finished-at="2020-11-26T23:20:07 IST" duration-ms="3012" status="PASS">
          <reporter-output>
          </reporter-output>
        </test-method> <!-- killemulator -->
      </class> <!-- Practice.Appiumframework.Penfedetoe -->
    </test> <!-- Test -->
  </suite> <!-- Suite -->
</testng-results>
